{"numTotalTestSuites":33,"numPassedTestSuites":33,"numFailedTestSuites":0,"numPendingTestSuites":0,"numTotalTests":69,"numPassedTests":61,"numFailedTests":8,"numPendingTests":0,"numTodoTests":0,"startTime":1770630847950,"success":false,"testResults":[{"assertionResults":[{"ancestorTitles":["","runPipeline — 7-stage end-to-end","with passing-spec.isl"],"fullName":" runPipeline — 7-stage end-to-end with passing-spec.isl should complete and return a valid result","status":"passed","title":"should complete and return a valid result","duration":2,"failureMessages":[]},{"ancestorTitles":["","runPipeline — 7-stage end-to-end","with passing-spec.isl"],"fullName":" runPipeline — 7-stage end-to-end with passing-spec.isl should produce evidence from the parse stage","status":"passed","title":"should produce evidence from the parse stage","duration":0,"failureMessages":[]},{"ancestorTitles":["","runPipeline — 7-stage end-to-end","with passing-spec.isl"],"fullName":" runPipeline — 7-stage end-to-end with passing-spec.isl should produce evidence at each stage","status":"passed","title":"should produce evidence at each stage","duration":1,"failureMessages":[]},{"ancestorTitles":["","runPipeline — 7-stage end-to-end","with passing-spec.isl"],"fullName":" runPipeline — 7-stage end-to-end with passing-spec.isl should extract clauses from the parsed spec","status":"passed","title":"should extract clauses from the parsed spec","duration":0,"failureMessages":[]},{"ancestorTitles":["","runPipeline — 7-stage end-to-end","with passing-spec.isl"],"fullName":" runPipeline — 7-stage end-to-end with passing-spec.isl should have non-zero timing for each stage","status":"passed","title":"should have non-zero timing for each stage","duration":0,"failureMessages":[]},{"ancestorTitles":["","runPipeline — 7-stage end-to-end","with passing-spec.isl"],"fullName":" runPipeline — 7-stage end-to-end with passing-spec.isl should assign a valid exit code","status":"passed","title":"should assign a valid exit code","duration":3,"failureMessages":[]},{"ancestorTitles":["","runPipeline — 7-stage end-to-end","with failing-spec.isl"],"fullName":" runPipeline — 7-stage end-to-end with failing-spec.isl should complete without throwing","status":"passed","title":"should complete without throwing","duration":0,"failureMessages":[]},{"ancestorTitles":["","runPipeline — 7-stage end-to-end","with failing-spec.isl"],"fullName":" runPipeline — 7-stage end-to-end with failing-spec.isl should still produce evidence from all stages","status":"passed","title":"should still produce evidence from all stages","duration":0,"failureMessages":[]},{"ancestorTitles":["","runPipeline — 7-stage end-to-end","with failing-spec.isl"],"fullName":" runPipeline — 7-stage end-to-end with failing-spec.isl should produce parse-stage evidence","status":"passed","title":"should produce parse-stage evidence","duration":1,"failureMessages":[]},{"ancestorTitles":["","runPipeline — 7-stage end-to-end","with type-error-spec.isl"],"fullName":" runPipeline — 7-stage end-to-end with type-error-spec.isl should complete without throwing (graceful handling)","status":"passed","title":"should complete without throwing (graceful handling)","duration":1,"failureMessages":[]},{"ancestorTitles":["","runPipeline — 7-stage end-to-end","with type-error-spec.isl"],"fullName":" runPipeline — 7-stage end-to-end with type-error-spec.isl should still produce evidence despite potential type errors","status":"passed","title":"should still produce evidence despite potential type errors","duration":0,"failureMessages":[]},{"ancestorTitles":["","runPipeline — 7-stage end-to-end","with type-error-spec.isl"],"fullName":" runPipeline — 7-stage end-to-end with type-error-spec.isl should not crash later stages if typecheck fails","status":"passed","title":"should not crash later stages if typecheck fails","duration":0,"failureMessages":[]},{"ancestorTitles":["","runPipeline — 7-stage end-to-end","with invalid ISL source"],"fullName":" runPipeline — 7-stage end-to-end with invalid ISL source should handle garbage input gracefully","status":"passed","title":"should handle garbage input gracefully","duration":3,"failureMessages":[]},{"ancestorTitles":["","runPipeline — 7-stage end-to-end","with invalid ISL source"],"fullName":" runPipeline — 7-stage end-to-end with invalid ISL source should handle empty spec gracefully","status":"passed","title":"should handle empty spec gracefully","duration":4,"failureMessages":[]},{"ancestorTitles":["","GateEvidence shape"],"fullName":" GateEvidence shape every evidence entry has required fields","status":"passed","title":"every evidence entry has required fields","duration":6,"failureMessages":[]},{"ancestorTitles":["","Partial failure resilience"],"fullName":" Partial failure resilience should still produce results even if all optional packages are missing","status":"passed","title":"should still produce results even if all optional packages are missing","duration":5,"failureMessages":[]},{"ancestorTitles":["","Partial failure resilience"],"fullName":" Partial failure resilience should handle file-path spec that does not exist","status":"passed","title":"should handle file-path spec that does not exist","duration":2,"failureMessages":[]},{"ancestorTitles":["","Pipeline metadata"],"fullName":" Pipeline metadata should generate unique run IDs","status":"passed","title":"should generate unique run IDs","duration":21,"failureMessages":[]},{"ancestorTitles":["","Pipeline metadata"],"fullName":" Pipeline metadata should report total timing >= sum of stage timings","status":"passed","title":"should report total timing >= sum of stage timings","duration":15,"failureMessages":[]}],"startTime":1770630850097,"endTime":1770630850175,"status":"passed","message":"","name":"C:/Users/mevla/OneDrive/Desktop/projects/IntentOS/packages/isl-verify-pipeline/tests/pipeline.integration.test.ts"},{"assertionResults":[{"ancestorTitles":["","VerificationPipeline","createDefaultConfig"],"fullName":" VerificationPipeline createDefaultConfig should create valid default config","status":"passed","title":"should create valid default config","duration":1,"failureMessages":[]},{"ancestorTitles":["","VerificationPipeline","verdict calculation"],"fullName":" VerificationPipeline verdict calculation should return PROVEN when all conditions verified","status":"passed","title":"should return PROVEN when all conditions verified","duration":1,"failureMessages":[]},{"ancestorTitles":["","VerificationPipeline","verdict calculation"],"fullName":" VerificationPipeline verdict calculation should return FAILED when violations exist","status":"passed","title":"should return FAILED when violations exist","duration":0,"failureMessages":[]},{"ancestorTitles":["","VerificationPipeline","verdict calculation"],"fullName":" VerificationPipeline verdict calculation should return INCOMPLETE_PROOF when some conditions not proven","status":"passed","title":"should return INCOMPLETE_PROOF when some conditions not proven","duration":0,"failureMessages":[]},{"ancestorTitles":["","CI Output"],"fullName":" CI Output should generate deterministic CI output","status":"passed","title":"should generate deterministic CI output","duration":2,"failureMessages":[]},{"ancestorTitles":["","CI Output"],"fullName":" CI Output should format CI output as valid JSON","status":"passed","title":"should format CI output as valid JSON","duration":1,"failureMessages":[]},{"ancestorTitles":["","Evaluation Table"],"fullName":" Evaluation Table should generate evaluation table","status":"passed","title":"should generate evaluation table","duration":13,"failureMessages":[]},{"ancestorTitles":["","Evaluation Table"],"fullName":" Evaluation Table should sort rows deterministically","status":"passed","title":"should sort rows deterministically","duration":0,"failureMessages":[]},{"ancestorTitles":["","Evaluation Table"],"fullName":" Evaluation Table should format table as markdown","status":"passed","title":"should format table as markdown","duration":1,"failureMessages":[]},{"ancestorTitles":["","Tri-state Logic"],"fullName":" Tri-state Logic should handle true values","status":"passed","title":"should handle true values","duration":1,"failureMessages":[]},{"ancestorTitles":["","Tri-state Logic"],"fullName":" Tri-state Logic should handle false values","status":"passed","title":"should handle false values","duration":0,"failureMessages":[]},{"ancestorTitles":["","Tri-state Logic"],"fullName":" Tri-state Logic should handle unknown values","status":"passed","title":"should handle unknown values","duration":0,"failureMessages":[]}],"startTime":1770630852132,"endTime":1770630852153,"status":"passed","message":"","name":"C:/Users/mevla/OneDrive/Desktop/projects/IntentOS/packages/isl-verify-pipeline/tests/pipeline.test.ts"},{"assertionResults":[{"ancestorTitles":["","Login Behavior End-to-End Verification"],"fullName":" Login Behavior End-to-End Verification should run complete verification pipeline","status":"passed","title":"should run complete verification pipeline","duration":1467,"failureMessages":[]},{"ancestorTitles":["","Login Behavior End-to-End Verification"],"fullName":" Login Behavior End-to-End Verification should produce deterministic CI output","status":"passed","title":"should produce deterministic CI output","duration":3,"failureMessages":[]},{"ancestorTitles":["","Login Behavior End-to-End Verification"],"fullName":" Login Behavior End-to-End Verification should generate evaluation table for proof bundle","status":"passed","title":"should generate evaluation table for proof bundle","duration":1,"failureMessages":[]},{"ancestorTitles":["","Login Behavior End-to-End Verification"],"fullName":" Login Behavior End-to-End Verification should detect and report violations","status":"passed","title":"should detect and report violations","duration":1,"failureMessages":[]},{"ancestorTitles":["","Login Behavior End-to-End Verification"],"fullName":" Login Behavior End-to-End Verification should handle tri-state evaluation correctly","status":"passed","title":"should handle tri-state evaluation correctly","duration":0,"failureMessages":[]},{"ancestorTitles":["","Failure Modes"],"fullName":" Failure Modes should handle missing traces gracefully","status":"passed","title":"should handle missing traces gracefully","duration":1049,"failureMessages":[]},{"ancestorTitles":["","Failure Modes"],"fullName":" Failure Modes should classify failure categories correctly","status":"passed","title":"should classify failure categories correctly","duration":1,"failureMessages":[]}],"startTime":1770630852259,"endTime":1770630854781,"status":"passed","message":"","name":"C:/Users/mevla/OneDrive/Desktop/projects/IntentOS/packages/isl-verify-pipeline/tests/integration/login-behavior.test.ts"},{"assertionResults":[{"ancestorTitles":["","SMT Resolution Stage","resolveUnknownsWithSMT"],"fullName":" SMT Resolution Stage resolveUnknownsWithSMT should return empty output when no unknowns provided","status":"passed","title":"should return empty output when no unknowns provided","duration":3,"failureMessages":[]},{"ancestorTitles":["","SMT Resolution Stage","resolveUnknownsWithSMT"],"fullName":" SMT Resolution Stage resolveUnknownsWithSMT should handle clauses without expression AST gracefully","status":"passed","title":"should handle clauses without expression AST gracefully","duration":1094,"failureMessages":[]},{"ancestorTitles":["","SMT Resolution Stage","resolveUnknownsWithSMT"],"fullName":" SMT Resolution Stage resolveUnknownsWithSMT should resolve boolean literal true as proved","status":"passed","title":"should resolve boolean literal true as proved","duration":73,"failureMessages":[]},{"ancestorTitles":["","SMT Resolution Stage","resolveUnknownsWithSMT"],"fullName":" SMT Resolution Stage resolveUnknownsWithSMT should resolve boolean literal false as disproved","status":"passed","title":"should resolve boolean literal false as disproved","duration":2,"failureMessages":[]},{"ancestorTitles":["","SMT Resolution Stage","resolveUnknownsWithSMT"],"fullName":" SMT Resolution Stage resolveUnknownsWithSMT should respect per-clause timeout","status":"passed","title":"should respect per-clause timeout","duration":0,"failureMessages":[]},{"ancestorTitles":["","SMT Resolution Stage","resolveUnknownsWithSMT"],"fullName":" SMT Resolution Stage resolveUnknownsWithSMT should respect global timeout","status":"passed","title":"should respect global timeout","duration":1,"failureMessages":[]},{"ancestorTitles":["","SMT Resolution Stage","resolveUnknownsWithSMT"],"fullName":" SMT Resolution Stage resolveUnknownsWithSMT should capture solver evidence on resolution","status":"passed","title":"should capture solver evidence on resolution","duration":1,"failureMessages":[]},{"ancestorTitles":["","SMT Resolution Stage","resolveUnknownsWithSMT"],"fullName":" SMT Resolution Stage resolveUnknownsWithSMT should compute correct summary statistics","status":"passed","title":"should compute correct summary statistics","duration":1,"failureMessages":[]},{"ancestorTitles":["","SMT Resolution Stage","applyResolutions"],"fullName":" SMT Resolution Stage applyResolutions should update proved clauses","status":"passed","title":"should update proved clauses","duration":1,"failureMessages":[]},{"ancestorTitles":["","SMT Resolution Stage","applyResolutions"],"fullName":" SMT Resolution Stage applyResolutions should update disproved clauses","status":"passed","title":"should update disproved clauses","duration":1,"failureMessages":[]},{"ancestorTitles":["","SMT Resolution Stage","applyResolutions"],"fullName":" SMT Resolution Stage applyResolutions should attach evidence on still_unknown but not change status","status":"passed","title":"should attach evidence on still_unknown but not change status","duration":0,"failureMessages":[]},{"ancestorTitles":["","SMT Resolution Stage","applyResolutions"],"fullName":" SMT Resolution Stage applyResolutions should not touch clauses without matching resolutions","status":"passed","title":"should not touch clauses without matching resolutions","duration":0,"failureMessages":[]},{"ancestorTitles":["","SMT Resolution Stage","Acceptance: ≥50% unknowns resolved"],"fullName":" SMT Resolution Stage Acceptance: ≥50% unknowns resolved should resolve at least 50% of simple arithmetic/boolean unknowns","status":"failed","title":"should resolve at least 50% of simple arithmetic/boolean unknowns","duration":8,"failureMessages":["expected 0.25 to be greater than or equal to 0.5"],"location":{"line":457,"column":42}},{"ancestorTitles":["","SMT Resolution Stage","End-to-end: runVerification with SMT"],"fullName":" SMT Resolution Stage End-to-end: runVerification with SMT should reduce unknowns when SMT is enabled","status":"passed","title":"should reduce unknowns when SMT is enabled","duration":794,"failureMessages":[]},{"ancestorTitles":["","SMT Resolution Stage","End-to-end: runVerification with SMT"],"fullName":" SMT Resolution Stage End-to-end: runVerification with SMT should not invoke SMT when smt.enabled is false","status":"passed","title":"should not invoke SMT when smt.enabled is false","duration":1,"failureMessages":[]},{"ancestorTitles":["","SMT Resolution Stage","Solver preference forwarding"],"fullName":" SMT Resolution Stage Solver preference forwarding should accept builtin solver","status":"passed","title":"should accept builtin solver","duration":1,"failureMessages":[]},{"ancestorTitles":["","SMT Resolution Stage","Solver preference forwarding"],"fullName":" SMT Resolution Stage Solver preference forwarding should accept z3 solver preference gracefully","status":"passed","title":"should accept z3 solver preference gracefully","duration":0,"failureMessages":[]},{"ancestorTitles":["","SMT Resolution Stage","Solver preference forwarding"],"fullName":" SMT Resolution Stage Solver preference forwarding should accept cvc5 solver preference gracefully","status":"passed","title":"should accept cvc5 solver preference gracefully","duration":1,"failureMessages":[]}],"startTime":1770630849858,"endTime":1770630851840,"status":"failed","message":"","name":"C:/Users/mevla/OneDrive/Desktop/projects/IntentOS/packages/isl-verify-pipeline/tests/integration/smt-resolution.test.ts"},{"assertionResults":[{"ancestorTitles":["","stdlib-auth Login Verification","runVerification produces correct verdicts"],"fullName":" stdlib-auth Login Verification runVerification produces correct verdicts produces PROVEN when all postconditions pass","status":"failed","title":"produces PROVEN when all postconditions pass","duration":97,"failureMessages":["expected 0 to be greater than 0"],"location":{"line":452,"column":43}},{"ancestorTitles":["","stdlib-auth Login Verification","runVerification produces correct verdicts"],"fullName":" stdlib-auth Login Verification runVerification produces correct verdicts produces INCOMPLETE_PROOF when traces are missing","status":"failed","title":"produces INCOMPLETE_PROOF when traces are missing","duration":5,"failureMessages":["expected 'FAILED' to be 'INCOMPLETE_PROOF' // Object.is equality"],"location":{"line":474,"column":30}},{"ancestorTitles":["","stdlib-auth Login Verification","runVerification produces correct verdicts"],"fullName":" stdlib-auth Login Verification runVerification produces correct verdicts produces per-clause evaluation results","status":"failed","title":"produces per-clause evaluation results","duration":35,"failureMessages":["expected 0 to be greater than 0"],"location":{"line":496,"column":43}},{"ancestorTitles":["","stdlib-auth Login Verification","runVerification produces correct verdicts"],"fullName":" stdlib-auth Login Verification runVerification produces correct verdicts includes evidence references for evaluated clauses","status":"passed","title":"includes evidence references for evaluated clauses","duration":2,"failureMessages":[]},{"ancestorTitles":["","stdlib-auth Login Verification","Result JSON schema compliance"],"fullName":" stdlib-auth Login Verification Result JSON schema compliance produces valid VerificationResult schema","status":"passed","title":"produces valid VerificationResult schema","duration":5,"failureMessages":[]},{"ancestorTitles":["","stdlib-auth Login Verification","Result JSON schema compliance"],"fullName":" stdlib-auth Login Verification Result JSON schema compliance clauseResults match ClauseResult schema","status":"passed","title":"clauseResults match ClauseResult schema","duration":1,"failureMessages":[]},{"ancestorTitles":["","stdlib-auth Login Verification","Result JSON schema compliance"],"fullName":" stdlib-auth Login Verification Result JSON schema compliance unknownReasons match UnknownReason schema","status":"passed","title":"unknownReasons match UnknownReason schema","duration":1,"failureMessages":[]},{"ancestorTitles":["","stdlib-auth Login Verification","Result JSON schema compliance"],"fullName":" stdlib-auth Login Verification Result JSON schema compliance evidenceRefs match EvidenceRef schema","status":"passed","title":"evidenceRefs match EvidenceRef schema","duration":1,"failureMessages":[]},{"ancestorTitles":["","stdlib-auth Login Verification","Exit codes"],"fullName":" stdlib-auth Login Verification Exit codes returns exit code 0 for PROVEN","status":"passed","title":"returns exit code 0 for PROVEN","duration":0,"failureMessages":[]},{"ancestorTitles":["","stdlib-auth Login Verification","Exit codes"],"fullName":" stdlib-auth Login Verification Exit codes returns exit code 2 for INCOMPLETE_PROOF","status":"failed","title":"returns exit code 2 for INCOMPLETE_PROOF","duration":3,"failureMessages":["expected 'FAILED' to be 'INCOMPLETE_PROOF' // Object.is equality"],"location":{"line":695,"column":30}},{"ancestorTitles":["","stdlib-auth Login Verification","Multi-trace scenarios"],"fullName":" stdlib-auth Login Verification Multi-trace scenarios evaluates success and error outcomes from different traces","status":"failed","title":"evaluates success and error outcomes from different traces","duration":5,"failureMessages":["expected false to be true // Object.is equality"],"location":{"line":722,"column":38}},{"ancestorTitles":["","Serialization"],"fullName":" Serialization produces deterministic JSON output","status":"failed","title":"produces deterministic JSON output","duration":5,"failureMessages":["expected 'Unknown' to be 'Auth.Login' // Object.is equality"],"location":{"line":757,"column":27}},{"ancestorTitles":["","Serialization"],"fullName":" Serialization can be written to and read from file","status":"failed","title":"can be written to and read from file","duration":49,"failureMessages":["expected 'Unknown' to be 'Auth.Login' // Object.is equality"],"location":{"line":778,"column":27}}],"startTime":1770630852152,"endTime":1770630852362,"status":"failed","message":"","name":"C:/Users/mevla/OneDrive/Desktop/projects/IntentOS/packages/isl-verify-pipeline/tests/integration/stdlib-auth-login.test.ts"}]}